[0.979s] Invoking command in '/home/andres/ros2_templates/build/py_pkg': DEBUGINFOD_URLS=https://debuginfod.ubuntu.com PYTHONPATH=/home/andres/ros2_templates/build/py_pkg/prefix_override:/usr/lib/python3/dist-packages/colcon_core/task/python/colcon_distutils_commands:/home/andres/ros2_templates/install/py_pkg/lib/python3.12/site-packages:${PYTHONPATH} /usr/bin/python3 -W ignore:setup.py install is deprecated -W ignore:easy_install command is deprecated setup.py develop --uninstall --editable --build-directory /home/andres/ros2_templates/build/py_pkg/build
[1.325s] running develop
[1.574s] Removing /home/andres/ros2_templates/install/py_pkg/lib/python3.12/site-packages/py-pkg.egg-link (link to .)
[1.618s] Invoked command in '/home/andres/ros2_templates/build/py_pkg' returned '0': DEBUGINFOD_URLS=https://debuginfod.ubuntu.com PYTHONPATH=/home/andres/ros2_templates/build/py_pkg/prefix_override:/usr/lib/python3/dist-packages/colcon_core/task/python/colcon_distutils_commands:/home/andres/ros2_templates/install/py_pkg/lib/python3.12/site-packages:${PYTHONPATH} /usr/bin/python3 -W ignore:setup.py install is deprecated -W ignore:easy_install command is deprecated setup.py develop --uninstall --editable --build-directory /home/andres/ros2_templates/build/py_pkg/build
[1.619s] Invoking command in '/home/andres/ros2_templates/src/py_pkg': DEBUGINFOD_URLS=https://debuginfod.ubuntu.com PYTHONPATH=/home/andres/ros2_templates/build/py_pkg/prefix_override:/usr/lib/python3/dist-packages/colcon_core/task/python/colcon_distutils_commands:/home/andres/ros2_templates/install/py_pkg/lib/python3.12/site-packages:${PYTHONPATH} /usr/bin/python3 -W ignore:setup.py install is deprecated -W ignore:easy_install command is deprecated setup.py egg_info --egg-base ../../build/py_pkg build --build-base /home/andres/ros2_templates/build/py_pkg/build install --record /home/andres/ros2_templates/build/py_pkg/install.log --single-version-externally-managed install_data --force
[1.951s] running egg_info
[1.972s] writing ../../build/py_pkg/py_pkg.egg-info/PKG-INFO
[1.972s] writing dependency_links to ../../build/py_pkg/py_pkg.egg-info/dependency_links.txt
[1.972s] writing entry points to ../../build/py_pkg/py_pkg.egg-info/entry_points.txt
[1.972s] writing requirements to ../../build/py_pkg/py_pkg.egg-info/requires.txt
[1.973s] writing top-level names to ../../build/py_pkg/py_pkg.egg-info/top_level.txt
[2.018s] reading manifest file '../../build/py_pkg/py_pkg.egg-info/SOURCES.txt'
[2.019s] writing manifest file '../../build/py_pkg/py_pkg.egg-info/SOURCES.txt'
[2.019s] running build
[2.019s] running build_py
[2.019s] copying py_pkg/py_publisher.py -> /home/andres/ros2_templates/build/py_pkg/build/lib/py_pkg
[2.019s] copying py_pkg/py_template.py -> /home/andres/ros2_templates/build/py_pkg/build/lib/py_pkg
[2.019s] copying py_pkg/py_subscriber.py -> /home/andres/ros2_templates/build/py_pkg/build/lib/py_pkg
[2.020s] running install
[2.026s] running install_lib
[2.050s] creating /home/andres/ros2_templates/install/py_pkg/lib/python3.12/site-packages/py_pkg
[2.050s] copying /home/andres/ros2_templates/build/py_pkg/build/lib/py_pkg/__init__.py -> /home/andres/ros2_templates/install/py_pkg/lib/python3.12/site-packages/py_pkg
[2.050s] copying /home/andres/ros2_templates/build/py_pkg/build/lib/py_pkg/py_publisher.py -> /home/andres/ros2_templates/install/py_pkg/lib/python3.12/site-packages/py_pkg
[2.050s] copying /home/andres/ros2_templates/build/py_pkg/build/lib/py_pkg/py_template.py -> /home/andres/ros2_templates/install/py_pkg/lib/python3.12/site-packages/py_pkg
[2.051s] copying /home/andres/ros2_templates/build/py_pkg/build/lib/py_pkg/py_subscriber.py -> /home/andres/ros2_templates/install/py_pkg/lib/python3.12/site-packages/py_pkg
[2.051s] byte-compiling /home/andres/ros2_templates/install/py_pkg/lib/python3.12/site-packages/py_pkg/__init__.py to __init__.cpython-312.pyc
[2.051s] byte-compiling /home/andres/ros2_templates/install/py_pkg/lib/python3.12/site-packages/py_pkg/py_publisher.py to py_publisher.cpython-312.pyc
[2.051s] byte-compiling /home/andres/ros2_templates/install/py_pkg/lib/python3.12/site-packages/py_pkg/py_template.py to py_template.cpython-312.pyc
[2.052s] byte-compiling /home/andres/ros2_templates/install/py_pkg/lib/python3.12/site-packages/py_pkg/py_subscriber.py to py_subscriber.cpython-312.pyc
[2.052s] running install_data
[2.052s] copying resource/py_pkg -> /home/andres/ros2_templates/install/py_pkg/share/ament_index/resource_index/packages
[2.053s] copying package.xml -> /home/andres/ros2_templates/install/py_pkg/share/py_pkg
[2.053s] running install_egg_info
[2.079s] Copying ../../build/py_pkg/py_pkg.egg-info to /home/andres/ros2_templates/install/py_pkg/lib/python3.12/site-packages/py_pkg-0.0.0-py3.12.egg-info
[2.080s] running install_scripts
[2.228s] Installing py_node_executable script to /home/andres/ros2_templates/install/py_pkg/lib/py_pkg
[2.228s] Installing py_publisher script to /home/andres/ros2_templates/install/py_pkg/lib/py_pkg
[2.228s] Installing py_subscriber script to /home/andres/ros2_templates/install/py_pkg/lib/py_pkg
[2.229s] writing list of installed files to '/home/andres/ros2_templates/build/py_pkg/install.log'
[2.261s] Invoked command in '/home/andres/ros2_templates/src/py_pkg' returned '0': DEBUGINFOD_URLS=https://debuginfod.ubuntu.com PYTHONPATH=/home/andres/ros2_templates/build/py_pkg/prefix_override:/usr/lib/python3/dist-packages/colcon_core/task/python/colcon_distutils_commands:/home/andres/ros2_templates/install/py_pkg/lib/python3.12/site-packages:${PYTHONPATH} /usr/bin/python3 -W ignore:setup.py install is deprecated -W ignore:easy_install command is deprecated setup.py egg_info --egg-base ../../build/py_pkg build --build-base /home/andres/ros2_templates/build/py_pkg/build install --record /home/andres/ros2_templates/build/py_pkg/install.log --single-version-externally-managed install_data --force
