[0.013s] Invoking command in '/home/andres/ros2_templates/build/cpp_pkg': CMAKE_PREFIX_PATH=${CMAKE_PREFIX_PATH}:/home/andres/ros2_templates/install/py_pkg:/home/andres/ros2_ws/install/my_py_pkg:/opt/ros/jazzy DEBUGINFOD_URLS=https://debuginfod.ubuntu.com /usr/bin/cmake --build /home/andres/ros2_templates/build/cpp_pkg -- -j12 -l12
[0.037s] -- Found ament_cmake: 2.5.4 (/opt/ros/jazzy/share/ament_cmake/cmake)
[0.238s] -- Found rclcpp: 28.1.13 (/opt/ros/jazzy/share/rclcpp/cmake)
[0.264s] -- Found rosidl_generator_c: 4.6.6 (/opt/ros/jazzy/share/rosidl_generator_c/cmake)
[0.274s] -- Found rosidl_generator_cpp: 4.6.6 (/opt/ros/jazzy/share/rosidl_generator_cpp/cmake)
[0.285s] -- Using all available rosidl_typesupport_c: rosidl_typesupport_fastrtps_c;rosidl_typesupport_introspection_c
[0.299s] -- Using all available rosidl_typesupport_cpp: rosidl_typesupport_fastrtps_cpp;rosidl_typesupport_introspection_cpp
[0.364s] -- Found rmw_implementation_cmake: 7.3.2 (/opt/ros/jazzy/share/rmw_implementation_cmake/cmake)
[0.365s] -- Found rmw_fastrtps_cpp: 8.4.3 (/opt/ros/jazzy/share/rmw_fastrtps_cpp/cmake)
[0.428s] -- Using RMW implementation 'rmw_fastrtps_cpp' as default
[0.596s] -- Configuring done (0.6s)
[0.610s] -- Generating done (0.0s)
[0.615s] -- Build files have been written to: /home/andres/ros2_templates/build/cpp_pkg
[0.646s] [ 50%] [32mBuilding CXX object CMakeFiles/cpp_executable.dir/src/cpp_template.cpp.o[0m
[3.361s] [100%] [32m[1mLinking CXX executable cpp_executable[0m
[3.497s] [100%] Built target cpp_executable
[3.507s] Invoked command in '/home/andres/ros2_templates/build/cpp_pkg' returned '0': CMAKE_PREFIX_PATH=${CMAKE_PREFIX_PATH}:/home/andres/ros2_templates/install/py_pkg:/home/andres/ros2_ws/install/my_py_pkg:/opt/ros/jazzy DEBUGINFOD_URLS=https://debuginfod.ubuntu.com /usr/bin/cmake --build /home/andres/ros2_templates/build/cpp_pkg -- -j12 -l12
[3.515s] Invoking command in '/home/andres/ros2_templates/build/cpp_pkg': CMAKE_PREFIX_PATH=${CMAKE_PREFIX_PATH}:/home/andres/ros2_templates/install/py_pkg:/home/andres/ros2_ws/install/my_py_pkg:/opt/ros/jazzy DEBUGINFOD_URLS=https://debuginfod.ubuntu.com /usr/bin/cmake --install /home/andres/ros2_templates/build/cpp_pkg
[3.522s] -- Install configuration: ""
[3.523s] -- Installing: /home/andres/ros2_templates/install/cpp_pkg/lib/cpp_pkg/cpp_executable
[3.523s] -- Set non-toolchain portion of runtime path of "/home/andres/ros2_templates/install/cpp_pkg/lib/cpp_pkg/cpp_executable" to ""
[3.523s] -- Up-to-date: /home/andres/ros2_templates/install/cpp_pkg/share/ament_index/resource_index/package_run_dependencies/cpp_pkg
[3.523s] -- Up-to-date: /home/andres/ros2_templates/install/cpp_pkg/share/ament_index/resource_index/parent_prefix_path/cpp_pkg
[3.523s] -- Up-to-date: /home/andres/ros2_templates/install/cpp_pkg/share/cpp_pkg/environment/ament_prefix_path.sh
[3.523s] -- Up-to-date: /home/andres/ros2_templates/install/cpp_pkg/share/cpp_pkg/environment/ament_prefix_path.dsv
[3.523s] -- Up-to-date: /home/andres/ros2_templates/install/cpp_pkg/share/cpp_pkg/environment/path.sh
[3.524s] -- Up-to-date: /home/andres/ros2_templates/install/cpp_pkg/share/cpp_pkg/environment/path.dsv
[3.524s] -- Up-to-date: /home/andres/ros2_templates/install/cpp_pkg/share/cpp_pkg/local_setup.bash
[3.524s] -- Up-to-date: /home/andres/ros2_templates/install/cpp_pkg/share/cpp_pkg/local_setup.sh
[3.524s] -- Up-to-date: /home/andres/ros2_templates/install/cpp_pkg/share/cpp_pkg/local_setup.zsh
[3.524s] -- Up-to-date: /home/andres/ros2_templates/install/cpp_pkg/share/cpp_pkg/local_setup.dsv
[3.524s] -- Installing: /home/andres/ros2_templates/install/cpp_pkg/share/cpp_pkg/package.dsv
[3.524s] -- Up-to-date: /home/andres/ros2_templates/install/cpp_pkg/share/ament_index/resource_index/packages/cpp_pkg
[3.524s] -- Up-to-date: /home/andres/ros2_templates/install/cpp_pkg/share/cpp_pkg/cmake/cpp_pkgConfig.cmake
[3.524s] -- Up-to-date: /home/andres/ros2_templates/install/cpp_pkg/share/cpp_pkg/cmake/cpp_pkgConfig-version.cmake
[3.524s] -- Up-to-date: /home/andres/ros2_templates/install/cpp_pkg/share/cpp_pkg/package.xml
[3.525s] Invoked command in '/home/andres/ros2_templates/build/cpp_pkg' returned '0': CMAKE_PREFIX_PATH=${CMAKE_PREFIX_PATH}:/home/andres/ros2_templates/install/py_pkg:/home/andres/ros2_ws/install/my_py_pkg:/opt/ros/jazzy DEBUGINFOD_URLS=https://debuginfod.ubuntu.com /usr/bin/cmake --install /home/andres/ros2_templates/build/cpp_pkg
