[0.115s] DEBUG:colcon:Command line arguments: ['/usr/bin/colcon', 'build']
[0.115s] DEBUG:colcon:Parsed command line arguments: Namespace(log_base=None, log_level=None, verb_name='build', build_base='build', install_base='install', merge_install=False, symlink_install=False, test_result_base=None, continue_on_error=False, executor='parallel', parallel_workers=12, event_handlers=None, ignore_user_meta=False, metas=['./colcon.meta'], base_paths=['.'], packages_ignore=None, packages_ignore_regex=None, paths=None, packages_up_to=None, packages_up_to_regex=None, packages_above=None, packages_above_and_dependencies=None, packages_above_depth=None, packages_select_by_dep=None, packages_skip_by_dep=None, packages_skip_up_to=None, packages_select_build_failed=False, packages_skip_build_finished=False, packages_select_test_failures=False, packages_skip_test_passed=False, packages_select=None, packages_skip=None, packages_select_regex=None, packages_skip_regex=None, packages_start=None, packages_end=None, allow_overriding=[], cmake_args=None, cmake_target=None, cmake_target_skip_unavailable=False, cmake_clean_cache=False, cmake_clean_first=False, cmake_force_configure=False, ament_cmake_args=None, catkin_cmake_args=None, catkin_skip_building_tests=False, mixin_files=None, mixin=None, verb_parser=<colcon_mixin.mixin.mixin_argument.MixinArgumentDecorator object at 0x7aa528198da0>, verb_extension=<colcon_core.verb.build.BuildVerb object at 0x7aa5281989e0>, main=<bound method BuildVerb.main of <colcon_core.verb.build.BuildVerb object at 0x7aa5281989e0>>, mixin_verb=('build',))
[0.152s] Level 1:colcon.colcon_core.package_discovery:discover_packages(colcon_meta) check parameters
[0.152s] Level 1:colcon.colcon_core.package_discovery:discover_packages(recursive) check parameters
[0.152s] Level 1:colcon.colcon_core.package_discovery:discover_packages(ignore) check parameters
[0.153s] Level 1:colcon.colcon_core.package_discovery:discover_packages(path) check parameters
[0.153s] Level 1:colcon.colcon_core.package_discovery:discover_packages(colcon_meta) discover
[0.153s] Level 1:colcon.colcon_core.package_discovery:discover_packages(recursive) discover
[0.153s] INFO:colcon.colcon_core.package_discovery:Crawling recursively for packages in '/home/andres/ros2_templates'
[0.153s] Level 1:colcon.colcon_core.package_identification:_identify(.) by extensions ['ignore', 'ignore_ament_install']
[0.153s] Level 1:colcon.colcon_core.package_identification:_identify(.) by extension 'ignore'
[0.153s] Level 1:colcon.colcon_core.package_identification:_identify(.) by extension 'ignore_ament_install'
[0.153s] Level 1:colcon.colcon_core.package_identification:_identify(.) by extensions ['colcon_pkg']
[0.153s] Level 1:colcon.colcon_core.package_identification:_identify(.) by extension 'colcon_pkg'
[0.153s] Level 1:colcon.colcon_core.package_identification:_identify(.) by extensions ['colcon_meta']
[0.153s] Level 1:colcon.colcon_core.package_identification:_identify(.) by extension 'colcon_meta'
[0.153s] Level 1:colcon.colcon_core.package_identification:_identify(.) by extensions ['ros']
[0.153s] Level 1:colcon.colcon_core.package_identification:_identify(.) by extension 'ros'
[0.180s] Level 1:colcon.colcon_core.package_identification:_identify(.) by extensions ['cmake', 'python']
[0.180s] Level 1:colcon.colcon_core.package_identification:_identify(.) by extension 'cmake'
[0.180s] Level 1:colcon.colcon_core.package_identification:_identify(.) by extension 'python'
[0.180s] Level 1:colcon.colcon_core.package_identification:_identify(.) by extensions ['python_setup_py']
[0.180s] Level 1:colcon.colcon_core.package_identification:_identify(.) by extension 'python_setup_py'
[0.180s] Level 1:colcon.colcon_core.package_identification:_identify(build) by extensions ['ignore', 'ignore_ament_install']
[0.180s] Level 1:colcon.colcon_core.package_identification:_identify(build) by extension 'ignore'
[0.180s] Level 1:colcon.colcon_core.package_identification:_identify(build) ignored
[0.180s] Level 1:colcon.colcon_core.package_identification:_identify(install) by extensions ['ignore', 'ignore_ament_install']
[0.180s] Level 1:colcon.colcon_core.package_identification:_identify(install) by extension 'ignore'
[0.180s] Level 1:colcon.colcon_core.package_identification:_identify(install) ignored
[0.180s] Level 1:colcon.colcon_core.package_identification:_identify(log) by extensions ['ignore', 'ignore_ament_install']
[0.181s] Level 1:colcon.colcon_core.package_identification:_identify(log) by extension 'ignore'
[0.181s] Level 1:colcon.colcon_core.package_identification:_identify(log) ignored
[0.181s] Level 1:colcon.colcon_core.package_identification:_identify(src) by extensions ['ignore', 'ignore_ament_install']
[0.181s] Level 1:colcon.colcon_core.package_identification:_identify(src) by extension 'ignore'
[0.181s] Level 1:colcon.colcon_core.package_identification:_identify(src) by extension 'ignore_ament_install'
[0.181s] Level 1:colcon.colcon_core.package_identification:_identify(src) by extensions ['colcon_pkg']
[0.181s] Level 1:colcon.colcon_core.package_identification:_identify(src) by extension 'colcon_pkg'
[0.181s] Level 1:colcon.colcon_core.package_identification:_identify(src) by extensions ['colcon_meta']
[0.181s] Level 1:colcon.colcon_core.package_identification:_identify(src) by extension 'colcon_meta'
[0.181s] Level 1:colcon.colcon_core.package_identification:_identify(src) by extensions ['ros']
[0.181s] Level 1:colcon.colcon_core.package_identification:_identify(src) by extension 'ros'
[0.181s] Level 1:colcon.colcon_core.package_identification:_identify(src) by extensions ['cmake', 'python']
[0.181s] Level 1:colcon.colcon_core.package_identification:_identify(src) by extension 'cmake'
[0.181s] Level 1:colcon.colcon_core.package_identification:_identify(src) by extension 'python'
[0.181s] Level 1:colcon.colcon_core.package_identification:_identify(src) by extensions ['python_setup_py']
[0.181s] Level 1:colcon.colcon_core.package_identification:_identify(src) by extension 'python_setup_py'
[0.181s] Level 1:colcon.colcon_core.package_identification:_identify(src/cpp_pkg) by extensions ['ignore', 'ignore_ament_install']
[0.181s] Level 1:colcon.colcon_core.package_identification:_identify(src/cpp_pkg) by extension 'ignore'
[0.181s] Level 1:colcon.colcon_core.package_identification:_identify(src/cpp_pkg) by extension 'ignore_ament_install'
[0.181s] Level 1:colcon.colcon_core.package_identification:_identify(src/cpp_pkg) by extensions ['colcon_pkg']
[0.182s] Level 1:colcon.colcon_core.package_identification:_identify(src/cpp_pkg) by extension 'colcon_pkg'
[0.182s] Level 1:colcon.colcon_core.package_identification:_identify(src/cpp_pkg) by extensions ['colcon_meta']
[0.182s] Level 1:colcon.colcon_core.package_identification:_identify(src/cpp_pkg) by extension 'colcon_meta'
[0.182s] Level 1:colcon.colcon_core.package_identification:_identify(src/cpp_pkg) by extensions ['ros']
[0.182s] Level 1:colcon.colcon_core.package_identification:_identify(src/cpp_pkg) by extension 'ros'
[0.184s] DEBUG:colcon.colcon_core.package_identification:Package 'src/cpp_pkg' with type 'ros.ament_cmake' and name 'cpp_pkg'
[0.184s] Level 1:colcon.colcon_core.package_identification:_identify(src/py_pkg) by extensions ['ignore', 'ignore_ament_install']
[0.184s] Level 1:colcon.colcon_core.package_identification:_identify(src/py_pkg) by extension 'ignore'
[0.184s] Level 1:colcon.colcon_core.package_identification:_identify(src/py_pkg) by extension 'ignore_ament_install'
[0.184s] Level 1:colcon.colcon_core.package_identification:_identify(src/py_pkg) by extensions ['colcon_pkg']
[0.184s] Level 1:colcon.colcon_core.package_identification:_identify(src/py_pkg) by extension 'colcon_pkg'
[0.184s] Level 1:colcon.colcon_core.package_identification:_identify(src/py_pkg) by extensions ['colcon_meta']
[0.184s] Level 1:colcon.colcon_core.package_identification:_identify(src/py_pkg) by extension 'colcon_meta'
[0.184s] Level 1:colcon.colcon_core.package_identification:_identify(src/py_pkg) by extensions ['ros']
[0.184s] Level 1:colcon.colcon_core.package_identification:_identify(src/py_pkg) by extension 'ros'
[0.185s] DEBUG:colcon.colcon_core.package_identification:Package 'src/py_pkg' with type 'ros.ament_python' and name 'py_pkg'
[0.185s] Level 1:colcon.colcon_core.package_discovery:discover_packages(recursive) using defaults
[0.185s] Level 1:colcon.colcon_core.package_discovery:discover_packages(ignore) discover
[0.185s] Level 1:colcon.colcon_core.package_discovery:discover_packages(ignore) using defaults
[0.185s] Level 1:colcon.colcon_core.package_discovery:discover_packages(path) discover
[0.185s] Level 1:colcon.colcon_core.package_discovery:discover_packages(path) using defaults
[0.201s] Level 1:colcon.colcon_core.package_discovery:discover_packages(prefix_path) check parameters
[0.202s] Level 1:colcon.colcon_core.package_discovery:discover_packages(prefix_path) discover
[0.203s] DEBUG:colcon.colcon_installed_package_information.package_discovery:Found 2 installed packages in /home/andres/ros2_templates/install
[0.205s] DEBUG:colcon.colcon_installed_package_information.package_discovery:Found 290 installed packages in /opt/ros/jazzy
[0.205s] Level 1:colcon.colcon_core.package_discovery:discover_packages(prefix_path) using defaults
[0.252s] Level 5:colcon.colcon_core.verb:set package 'cpp_pkg' build argument 'cmake_args' from command line to 'None'
[0.252s] Level 5:colcon.colcon_core.verb:set package 'cpp_pkg' build argument 'cmake_target' from command line to 'None'
[0.252s] Level 5:colcon.colcon_core.verb:set package 'cpp_pkg' build argument 'cmake_target_skip_unavailable' from command line to 'False'
[0.252s] Level 5:colcon.colcon_core.verb:set package 'cpp_pkg' build argument 'cmake_clean_cache' from command line to 'False'
[0.252s] Level 5:colcon.colcon_core.verb:set package 'cpp_pkg' build argument 'cmake_clean_first' from command line to 'False'
[0.252s] Level 5:colcon.colcon_core.verb:set package 'cpp_pkg' build argument 'cmake_force_configure' from command line to 'False'
[0.252s] Level 5:colcon.colcon_core.verb:set package 'cpp_pkg' build argument 'ament_cmake_args' from command line to 'None'
[0.252s] Level 5:colcon.colcon_core.verb:set package 'cpp_pkg' build argument 'catkin_cmake_args' from command line to 'None'
[0.252s] Level 5:colcon.colcon_core.verb:set package 'cpp_pkg' build argument 'catkin_skip_building_tests' from command line to 'False'
[0.252s] DEBUG:colcon.colcon_core.verb:Building package 'cpp_pkg' with the following arguments: {'ament_cmake_args': None, 'build_base': '/home/andres/ros2_templates/build/cpp_pkg', 'catkin_cmake_args': None, 'catkin_skip_building_tests': False, 'cmake_args': None, 'cmake_clean_cache': False, 'cmake_clean_first': False, 'cmake_force_configure': False, 'cmake_target': None, 'cmake_target_skip_unavailable': False, 'install_base': '/home/andres/ros2_templates/install/cpp_pkg', 'merge_install': False, 'path': '/home/andres/ros2_templates/src/cpp_pkg', 'symlink_install': False, 'test_result_base': None}
[0.252s] Level 5:colcon.colcon_core.verb:set package 'py_pkg' build argument 'cmake_args' from command line to 'None'
[0.252s] Level 5:colcon.colcon_core.verb:set package 'py_pkg' build argument 'cmake_target' from command line to 'None'
[0.252s] Level 5:colcon.colcon_core.verb:set package 'py_pkg' build argument 'cmake_target_skip_unavailable' from command line to 'False'
[0.252s] Level 5:colcon.colcon_core.verb:set package 'py_pkg' build argument 'cmake_clean_cache' from command line to 'False'
[0.252s] Level 5:colcon.colcon_core.verb:set package 'py_pkg' build argument 'cmake_clean_first' from command line to 'False'
[0.252s] Level 5:colcon.colcon_core.verb:set package 'py_pkg' build argument 'cmake_force_configure' from command line to 'False'
[0.253s] Level 5:colcon.colcon_core.verb:set package 'py_pkg' build argument 'ament_cmake_args' from command line to 'None'
[0.253s] Level 5:colcon.colcon_core.verb:set package 'py_pkg' build argument 'catkin_cmake_args' from command line to 'None'
[0.253s] Level 5:colcon.colcon_core.verb:set package 'py_pkg' build argument 'catkin_skip_building_tests' from command line to 'False'
[0.253s] DEBUG:colcon.colcon_core.verb:Building package 'py_pkg' with the following arguments: {'ament_cmake_args': None, 'build_base': '/home/andres/ros2_templates/build/py_pkg', 'catkin_cmake_args': None, 'catkin_skip_building_tests': False, 'cmake_args': None, 'cmake_clean_cache': False, 'cmake_clean_first': False, 'cmake_force_configure': False, 'cmake_target': None, 'cmake_target_skip_unavailable': False, 'install_base': '/home/andres/ros2_templates/install/py_pkg', 'merge_install': False, 'path': '/home/andres/ros2_templates/src/py_pkg', 'symlink_install': False, 'test_result_base': None}
[0.253s] INFO:colcon.colcon_core.executor:Executing jobs using 'parallel' executor
[0.253s] DEBUG:colcon.colcon_parallel_executor.executor.parallel:run_until_complete
[0.253s] INFO:colcon.colcon_ros.task.ament_cmake.build:Building ROS package in '/home/andres/ros2_templates/src/cpp_pkg' with build type 'ament_cmake'
[0.254s] INFO:colcon.colcon_cmake.task.cmake.build:Building CMake package in '/home/andres/ros2_templates/src/cpp_pkg'
[0.256s] INFO:colcon.colcon_core.plugin_system:Skipping extension 'colcon_core.shell.bat': Not used on non-Windows systems
[0.256s] INFO:colcon.colcon_core.shell:Skip shell extension 'powershell' for command environment: Not usable outside of PowerShell
[0.256s] DEBUG:colcon.colcon_core.shell:Skip shell extension 'dsv' for command environment
[0.261s] INFO:colcon.colcon_ros.task.ament_python.build:Building ROS package in '/home/andres/ros2_templates/src/py_pkg' with build type 'ament_python'
[0.261s] Level 1:colcon.colcon_core.shell:create_environment_hook('py_pkg', 'ament_prefix_path')
[0.261s] INFO:colcon.colcon_core.shell:Creating environment hook '/home/andres/ros2_templates/install/py_pkg/share/py_pkg/hook/ament_prefix_path.ps1'
[0.262s] INFO:colcon.colcon_core.shell:Creating environment descriptor '/home/andres/ros2_templates/install/py_pkg/share/py_pkg/hook/ament_prefix_path.dsv'
[0.263s] INFO:colcon.colcon_core.shell:Creating environment hook '/home/andres/ros2_templates/install/py_pkg/share/py_pkg/hook/ament_prefix_path.sh'
[0.263s] INFO:colcon.colcon_core.shell:Skip shell extension 'powershell' for command environment: Not usable outside of PowerShell
[0.263s] DEBUG:colcon.colcon_core.shell:Skip shell extension 'dsv' for command environment
[0.270s] DEBUG:colcon.colcon_core.event_handler.log_command:Invoking command in '/home/andres/ros2_templates/build/cpp_pkg': CMAKE_PREFIX_PATH=${CMAKE_PREFIX_PATH}:/home/andres/ros2_templates/install/py_pkg:/opt/ros/jazzy DEBUGINFOD_URLS=https://debuginfod.ubuntu.com /usr/bin/cmake --build /home/andres/ros2_templates/build/cpp_pkg -- -j12 -l12
[0.512s] INFO:colcon.colcon_core.task.python.build:Building Python package in '/home/andres/ros2_templates/src/py_pkg'
[0.512s] INFO:colcon.colcon_core.shell:Skip shell extension 'powershell' for command environment: Not usable outside of PowerShell
[0.512s] DEBUG:colcon.colcon_core.shell:Skip shell extension 'dsv' for command environment
[1.241s] DEBUG:colcon.colcon_core.event_handler.log_command:Invoking command in '/home/andres/ros2_templates/build/py_pkg': DEBUGINFOD_URLS=https://debuginfod.ubuntu.com PYTHONPATH=/home/andres/ros2_templates/build/py_pkg/prefix_override:/usr/lib/python3/dist-packages/colcon_core/task/python/colcon_distutils_commands:/home/andres/ros2_templates/install/py_pkg/lib/python3.12/site-packages:${PYTHONPATH} /usr/bin/python3 -W ignore:setup.py install is deprecated -W ignore:easy_install command is deprecated setup.py develop --uninstall --editable --build-directory /home/andres/ros2_templates/build/py_pkg/build
[1.879s] DEBUG:colcon.colcon_core.event_handler.log_command:Invoked command in '/home/andres/ros2_templates/build/py_pkg' returned '0': DEBUGINFOD_URLS=https://debuginfod.ubuntu.com PYTHONPATH=/home/andres/ros2_templates/build/py_pkg/prefix_override:/usr/lib/python3/dist-packages/colcon_core/task/python/colcon_distutils_commands:/home/andres/ros2_templates/install/py_pkg/lib/python3.12/site-packages:${PYTHONPATH} /usr/bin/python3 -W ignore:setup.py install is deprecated -W ignore:easy_install command is deprecated setup.py develop --uninstall --editable --build-directory /home/andres/ros2_templates/build/py_pkg/build
[1.881s] DEBUG:colcon.colcon_core.event_handler.log_command:Invoking command in '/home/andres/ros2_templates/src/py_pkg': DEBUGINFOD_URLS=https://debuginfod.ubuntu.com PYTHONPATH=/home/andres/ros2_templates/build/py_pkg/prefix_override:/usr/lib/python3/dist-packages/colcon_core/task/python/colcon_distutils_commands:/home/andres/ros2_templates/install/py_pkg/lib/python3.12/site-packages:${PYTHONPATH} /usr/bin/python3 -W ignore:setup.py install is deprecated -W ignore:easy_install command is deprecated setup.py egg_info --egg-base ../../build/py_pkg build --build-base /home/andres/ros2_templates/build/py_pkg/build install --record /home/andres/ros2_templates/build/py_pkg/install.log --single-version-externally-managed install_data --force
[2.522s] DEBUG:colcon.colcon_core.event_handler.log_command:Invoked command in '/home/andres/ros2_templates/src/py_pkg' returned '0': DEBUGINFOD_URLS=https://debuginfod.ubuntu.com PYTHONPATH=/home/andres/ros2_templates/build/py_pkg/prefix_override:/usr/lib/python3/dist-packages/colcon_core/task/python/colcon_distutils_commands:/home/andres/ros2_templates/install/py_pkg/lib/python3.12/site-packages:${PYTHONPATH} /usr/bin/python3 -W ignore:setup.py install is deprecated -W ignore:easy_install command is deprecated setup.py egg_info --egg-base ../../build/py_pkg build --build-base /home/andres/ros2_templates/build/py_pkg/build install --record /home/andres/ros2_templates/build/py_pkg/install.log --single-version-externally-managed install_data --force
[2.524s] Level 1:colcon.colcon_core.environment:checking '/home/andres/ros2_templates/install/py_pkg' for CMake module files
[2.525s] Level 1:colcon.colcon_core.environment:checking '/home/andres/ros2_templates/install/py_pkg' for CMake config files
[2.525s] Level 1:colcon.colcon_core.environment:checking '/home/andres/ros2_templates/install/py_pkg/lib'
[2.526s] Level 1:colcon.colcon_core.environment:checking '/home/andres/ros2_templates/install/py_pkg/bin'
[2.526s] Level 1:colcon.colcon_core.environment:checking '/home/andres/ros2_templates/install/py_pkg/lib/pkgconfig/py_pkg.pc'
[2.526s] Level 1:colcon.colcon_core.environment:checking '/home/andres/ros2_templates/install/py_pkg/lib/python3.12/site-packages'
[2.526s] Level 1:colcon.colcon_core.shell:create_environment_hook('py_pkg', 'pythonpath')
[2.526s] INFO:colcon.colcon_core.shell:Creating environment hook '/home/andres/ros2_templates/install/py_pkg/share/py_pkg/hook/pythonpath.ps1'
[2.527s] INFO:colcon.colcon_core.shell:Creating environment descriptor '/home/andres/ros2_templates/install/py_pkg/share/py_pkg/hook/pythonpath.dsv'
[2.527s] INFO:colcon.colcon_core.shell:Creating environment hook '/home/andres/ros2_templates/install/py_pkg/share/py_pkg/hook/pythonpath.sh'
[2.528s] Level 1:colcon.colcon_core.environment:checking '/home/andres/ros2_templates/install/py_pkg/bin'
[2.528s] Level 1:colcon.colcon_core.environment:create_environment_scripts_only(py_pkg)
[2.528s] INFO:colcon.colcon_core.shell:Creating package script '/home/andres/ros2_templates/install/py_pkg/share/py_pkg/package.ps1'
[2.529s] INFO:colcon.colcon_core.shell:Creating package descriptor '/home/andres/ros2_templates/install/py_pkg/share/py_pkg/package.dsv'
[2.529s] INFO:colcon.colcon_core.shell:Creating package script '/home/andres/ros2_templates/install/py_pkg/share/py_pkg/package.sh'
[2.530s] INFO:colcon.colcon_core.shell:Creating package script '/home/andres/ros2_templates/install/py_pkg/share/py_pkg/package.bash'
[2.530s] INFO:colcon.colcon_core.shell:Creating package script '/home/andres/ros2_templates/install/py_pkg/share/py_pkg/package.zsh'
[2.531s] Level 1:colcon.colcon_core.environment:create_file_with_runtime_dependencies(/home/andres/ros2_templates/install/py_pkg/share/colcon-core/packages/py_pkg)
[8.546s] DEBUG:colcon.colcon_core.event_handler.log_command:Invoked command in '/home/andres/ros2_templates/build/cpp_pkg' returned '0': CMAKE_PREFIX_PATH=${CMAKE_PREFIX_PATH}:/home/andres/ros2_templates/install/py_pkg:/opt/ros/jazzy DEBUGINFOD_URLS=https://debuginfod.ubuntu.com /usr/bin/cmake --build /home/andres/ros2_templates/build/cpp_pkg -- -j12 -l12
[8.555s] DEBUG:colcon.colcon_core.event_handler.log_command:Invoking command in '/home/andres/ros2_templates/build/cpp_pkg': CMAKE_PREFIX_PATH=${CMAKE_PREFIX_PATH}:/home/andres/ros2_templates/install/py_pkg:/opt/ros/jazzy DEBUGINFOD_URLS=https://debuginfod.ubuntu.com /usr/bin/cmake --install /home/andres/ros2_templates/build/cpp_pkg
[8.572s] Level 1:colcon.colcon_core.environment:create_environment_scripts_only(cpp_pkg)
[8.572s] Level 1:colcon.colcon_core.environment:checking '/home/andres/ros2_templates/install/cpp_pkg' for CMake module files
[8.573s] DEBUG:colcon.colcon_core.event_handler.log_command:Invoked command in '/home/andres/ros2_templates/build/cpp_pkg' returned '0': CMAKE_PREFIX_PATH=${CMAKE_PREFIX_PATH}:/home/andres/ros2_templates/install/py_pkg:/opt/ros/jazzy DEBUGINFOD_URLS=https://debuginfod.ubuntu.com /usr/bin/cmake --install /home/andres/ros2_templates/build/cpp_pkg
[8.573s] Level 1:colcon.colcon_core.environment:checking '/home/andres/ros2_templates/install/cpp_pkg' for CMake config files
[8.574s] Level 1:colcon.colcon_core.shell:create_environment_hook('cpp_pkg', 'cmake_prefix_path')
[8.574s] INFO:colcon.colcon_core.shell:Creating environment hook '/home/andres/ros2_templates/install/cpp_pkg/share/cpp_pkg/hook/cmake_prefix_path.ps1'
[8.574s] INFO:colcon.colcon_core.shell:Creating environment descriptor '/home/andres/ros2_templates/install/cpp_pkg/share/cpp_pkg/hook/cmake_prefix_path.dsv'
[8.575s] INFO:colcon.colcon_core.shell:Creating environment hook '/home/andres/ros2_templates/install/cpp_pkg/share/cpp_pkg/hook/cmake_prefix_path.sh'
[8.575s] Level 1:colcon.colcon_core.environment:checking '/home/andres/ros2_templates/install/cpp_pkg/lib'
[8.575s] Level 1:colcon.colcon_core.environment:checking '/home/andres/ros2_templates/install/cpp_pkg/bin'
[8.575s] Level 1:colcon.colcon_core.environment:checking '/home/andres/ros2_templates/install/cpp_pkg/lib/pkgconfig/cpp_pkg.pc'
[8.576s] Level 1:colcon.colcon_core.environment:checking '/home/andres/ros2_templates/install/cpp_pkg/lib/python3.12/site-packages'
[8.576s] Level 1:colcon.colcon_core.environment:checking '/home/andres/ros2_templates/install/cpp_pkg/bin'
[8.576s] INFO:colcon.colcon_core.shell:Creating package script '/home/andres/ros2_templates/install/cpp_pkg/share/cpp_pkg/package.ps1'
[8.577s] INFO:colcon.colcon_core.shell:Creating package descriptor '/home/andres/ros2_templates/install/cpp_pkg/share/cpp_pkg/package.dsv'
[8.577s] INFO:colcon.colcon_core.shell:Creating package script '/home/andres/ros2_templates/install/cpp_pkg/share/cpp_pkg/package.sh'
[8.577s] INFO:colcon.colcon_core.shell:Creating package script '/home/andres/ros2_templates/install/cpp_pkg/share/cpp_pkg/package.bash'
[8.578s] INFO:colcon.colcon_core.shell:Creating package script '/home/andres/ros2_templates/install/cpp_pkg/share/cpp_pkg/package.zsh'
[8.578s] Level 1:colcon.colcon_core.environment:create_file_with_runtime_dependencies(/home/andres/ros2_templates/install/cpp_pkg/share/colcon-core/packages/cpp_pkg)
[8.578s] Level 1:colcon.colcon_core.environment:create_environment_scripts_only(cpp_pkg)
[8.578s] Level 1:colcon.colcon_core.environment:checking '/home/andres/ros2_templates/install/cpp_pkg' for CMake module files
[8.579s] Level 1:colcon.colcon_core.environment:checking '/home/andres/ros2_templates/install/cpp_pkg' for CMake config files
[8.579s] Level 1:colcon.colcon_core.shell:create_environment_hook('cpp_pkg', 'cmake_prefix_path')
[8.579s] INFO:colcon.colcon_core.shell:Creating environment hook '/home/andres/ros2_templates/install/cpp_pkg/share/cpp_pkg/hook/cmake_prefix_path.ps1'
[8.580s] INFO:colcon.colcon_core.shell:Creating environment descriptor '/home/andres/ros2_templates/install/cpp_pkg/share/cpp_pkg/hook/cmake_prefix_path.dsv'
[8.580s] INFO:colcon.colcon_core.shell:Creating environment hook '/home/andres/ros2_templates/install/cpp_pkg/share/cpp_pkg/hook/cmake_prefix_path.sh'
[8.581s] Level 1:colcon.colcon_core.environment:checking '/home/andres/ros2_templates/install/cpp_pkg/lib'
[8.581s] Level 1:colcon.colcon_core.environment:checking '/home/andres/ros2_templates/install/cpp_pkg/bin'
[8.581s] Level 1:colcon.colcon_core.environment:checking '/home/andres/ros2_templates/install/cpp_pkg/lib/pkgconfig/cpp_pkg.pc'
[8.581s] Level 1:colcon.colcon_core.environment:checking '/home/andres/ros2_templates/install/cpp_pkg/lib/python3.12/site-packages'
[8.581s] Level 1:colcon.colcon_core.environment:checking '/home/andres/ros2_templates/install/cpp_pkg/bin'
[8.582s] INFO:colcon.colcon_core.shell:Creating package script '/home/andres/ros2_templates/install/cpp_pkg/share/cpp_pkg/package.ps1'
[8.582s] INFO:colcon.colcon_core.shell:Creating package descriptor '/home/andres/ros2_templates/install/cpp_pkg/share/cpp_pkg/package.dsv'
[8.582s] INFO:colcon.colcon_core.shell:Creating package script '/home/andres/ros2_templates/install/cpp_pkg/share/cpp_pkg/package.sh'
[8.583s] INFO:colcon.colcon_core.shell:Creating package script '/home/andres/ros2_templates/install/cpp_pkg/share/cpp_pkg/package.bash'
[8.583s] INFO:colcon.colcon_core.shell:Creating package script '/home/andres/ros2_templates/install/cpp_pkg/share/cpp_pkg/package.zsh'
[8.583s] Level 1:colcon.colcon_core.environment:create_file_with_runtime_dependencies(/home/andres/ros2_templates/install/cpp_pkg/share/colcon-core/packages/cpp_pkg)
[8.584s] DEBUG:colcon.colcon_parallel_executor.executor.parallel:closing loop
[8.584s] DEBUG:colcon.colcon_parallel_executor.executor.parallel:loop closed
[8.584s] DEBUG:colcon.colcon_parallel_executor.executor.parallel:run_until_complete finished with '0'
[8.584s] DEBUG:colcon.colcon_core.event_reactor:joining thread
[8.589s] INFO:colcon.colcon_core.plugin_system:Skipping extension 'colcon_notification.desktop_notification.terminal_notifier': Not used on non-Darwin systems
[8.589s] INFO:colcon.colcon_core.plugin_system:Skipping extension 'colcon_notification.desktop_notification.win32': Not used on non-Windows systems
[8.589s] INFO:colcon.colcon_notification.desktop_notification:Sending desktop notification using 'notify2'
[8.603s] DEBUG:colcon.colcon_core.event_reactor:joined thread
[8.603s] INFO:colcon.colcon_core.shell:Creating prefix script '/home/andres/ros2_templates/install/local_setup.ps1'
[8.604s] INFO:colcon.colcon_core.shell:Creating prefix util module '/home/andres/ros2_templates/install/_local_setup_util_ps1.py'
[8.605s] INFO:colcon.colcon_core.shell:Creating prefix chain script '/home/andres/ros2_templates/install/setup.ps1'
[8.606s] INFO:colcon.colcon_core.shell:Creating prefix script '/home/andres/ros2_templates/install/local_setup.sh'
[8.606s] INFO:colcon.colcon_core.shell:Creating prefix util module '/home/andres/ros2_templates/install/_local_setup_util_sh.py'
[8.607s] INFO:colcon.colcon_core.shell:Creating prefix chain script '/home/andres/ros2_templates/install/setup.sh'
[8.607s] INFO:colcon.colcon_core.shell:Creating prefix script '/home/andres/ros2_templates/install/local_setup.bash'
[8.608s] INFO:colcon.colcon_core.shell:Creating prefix chain script '/home/andres/ros2_templates/install/setup.bash'
[8.608s] INFO:colcon.colcon_core.shell:Creating prefix script '/home/andres/ros2_templates/install/local_setup.zsh'
[8.609s] INFO:colcon.colcon_core.shell:Creating prefix chain script '/home/andres/ros2_templates/install/setup.zsh'
