[0.765s] Invoking command in '/home/andres/ros2_templates/src/py_pkg': DEBUGINFOD_URLS=https://debuginfod.ubuntu.com PYTHONPATH=/home/andres/ros2_templates/build/py_pkg/prefix_override:/usr/lib/python3/dist-packages/colcon_core/task/python/colcon_distutils_commands:/home/andres/ros2_templates/install/py_pkg/lib/python3.12/site-packages:${PYTHONPATH} /usr/bin/python3 -W ignore:setup.py install is deprecated -W ignore:easy_install command is deprecated setup.py egg_info --egg-base ../../build/py_pkg build --build-base /home/andres/ros2_templates/build/py_pkg/build install --record /home/andres/ros2_templates/build/py_pkg/install.log --single-version-externally-managed install_data
[1.008s] running egg_info
[1.027s] writing ../../build/py_pkg/py_pkg.egg-info/PKG-INFO
[1.027s] writing dependency_links to ../../build/py_pkg/py_pkg.egg-info/dependency_links.txt
[1.028s] writing entry points to ../../build/py_pkg/py_pkg.egg-info/entry_points.txt
[1.028s] writing requirements to ../../build/py_pkg/py_pkg.egg-info/requires.txt
[1.028s] writing top-level names to ../../build/py_pkg/py_pkg.egg-info/top_level.txt
[1.065s] reading manifest file '../../build/py_pkg/py_pkg.egg-info/SOURCES.txt'
[1.066s] writing manifest file '../../build/py_pkg/py_pkg.egg-info/SOURCES.txt'
[1.066s] running build
[1.066s] running build_py
[1.067s] running install
[1.072s] running install_lib
[1.092s] running install_data
[1.092s] running install_egg_info
[1.113s] removing '/home/andres/ros2_templates/install/py_pkg/lib/python3.12/site-packages/py_pkg-0.0.0-py3.12.egg-info' (and everything under it)
[1.113s] Copying ../../build/py_pkg/py_pkg.egg-info to /home/andres/ros2_templates/install/py_pkg/lib/python3.12/site-packages/py_pkg-0.0.0-py3.12.egg-info
[1.114s] running install_scripts
[1.239s] Installing py_node_executable script to /home/andres/ros2_templates/install/py_pkg/lib/py_pkg
[1.239s] writing list of installed files to '/home/andres/ros2_templates/build/py_pkg/install.log'
[1.258s] Invoked command in '/home/andres/ros2_templates/src/py_pkg' returned '0': DEBUGINFOD_URLS=https://debuginfod.ubuntu.com PYTHONPATH=/home/andres/ros2_templates/build/py_pkg/prefix_override:/usr/lib/python3/dist-packages/colcon_core/task/python/colcon_distutils_commands:/home/andres/ros2_templates/install/py_pkg/lib/python3.12/site-packages:${PYTHONPATH} /usr/bin/python3 -W ignore:setup.py install is deprecated -W ignore:easy_install command is deprecated setup.py egg_info --egg-base ../../build/py_pkg build --build-base /home/andres/ros2_templates/build/py_pkg/build install --record /home/andres/ros2_templates/build/py_pkg/install.log --single-version-externally-managed install_data
