running egg_info
writing ../../build/py_pkg/py_pkg.egg-info/PKG-INFO
writing dependency_links to ../../build/py_pkg/py_pkg.egg-info/dependency_links.txt
writing entry points to ../../build/py_pkg/py_pkg.egg-info/entry_points.txt
writing requirements to ../../build/py_pkg/py_pkg.egg-info/requires.txt
writing top-level names to ../../build/py_pkg/py_pkg.egg-info/top_level.txt
reading manifest file '../../build/py_pkg/py_pkg.egg-info/SOURCES.txt'
writing manifest file '../../build/py_pkg/py_pkg.egg-info/SOURCES.txt'
running build
running build_py
copying py_pkg/py_template.py -> /home/andres/ros2_templates/build/py_pkg/build/lib/py_pkg
running install
running install_lib
copying /home/andres/ros2_templates/build/py_pkg/build/lib/py_pkg/py_template.py -> /home/andres/ros2_templates/install/py_pkg/lib/python3.12/site-packages/py_pkg
byte-compiling /home/andres/ros2_templates/install/py_pkg/lib/python3.12/site-packages/py_pkg/py_template.py to py_template.cpython-312.pyc
running install_data
running install_egg_info
removing '/home/andres/ros2_templates/install/py_pkg/lib/python3.12/site-packages/py_pkg-0.0.0-py3.12.egg-info' (and everything under it)
Copying ../../build/py_pkg/py_pkg.egg-info to /home/andres/ros2_templates/install/py_pkg/lib/python3.12/site-packages/py_pkg-0.0.0-py3.12.egg-info
running install_scripts
Installing py_node_executable script to /home/andres/ros2_templates/install/py_pkg/lib/py_pkg
writing list of installed files to '/home/andres/ros2_templates/build/py_pkg/install.log'
