[0.184s] DEBUG:colcon:Command line arguments: ['/usr/bin/colcon', 'list', '-p', '--base-paths', '/home/andres/ros2_templates', '--log-base', '/dev/null']
[0.184s] DEBUG:colcon:Parsed command line arguments: Namespace(log_base=None, log_level=None, verb_name='list', build_base='build', ignore_user_meta=False, metas=['./colcon.meta'], base_paths=['/home/andres/ros2_templates', '--log-base', '/dev/null'], packages_ignore=None, packages_ignore_regex=None, paths=None, packages_up_to=None, packages_up_to_regex=None, packages_above=None, packages_above_and_dependencies=None, packages_above_depth=None, packages_select_by_dep=None, packages_skip_by_dep=None, packages_skip_up_to=None, packages_select_build_failed=False, packages_skip_build_finished=False, packages_select_test_failures=False, packages_skip_test_passed=False, packages_select=None, packages_skip=None, packages_select_regex=None, packages_skip_regex=None, packages_start=None, packages_end=None, allow_overriding=[], topological_order=False, names_only=False, paths_only=True, topological_graph=False, topological_graph_dot=False, topological_graph_density=False, topological_graph_legend=False, topological_graph_dot_cluster=False, topological_graph_dot_include_skipped=False, mixin_files=None, mixin=None, verb_parser=<colcon_mixin.mixin.mixin_argument.MixinArgumentDecorator object at 0x76b2d389e090>, verb_extension=<colcon_package_information.verb.list.ListVerb object at 0x76b2d389c980>, main=<bound method ListVerb.main of <colcon_package_information.verb.list.ListVerb object at 0x76b2d389c980>>, mixin_verb=('list',))
[0.259s] Level 1:colcon.colcon_core.package_discovery:discover_packages(colcon_meta) check parameters
[0.259s] Level 1:colcon.colcon_core.package_discovery:discover_packages(recursive) check parameters
[0.259s] Level 1:colcon.colcon_core.package_discovery:discover_packages(ignore) check parameters
[0.259s] Level 1:colcon.colcon_core.package_discovery:discover_packages(path) check parameters
[0.259s] Level 1:colcon.colcon_core.package_discovery:discover_packages(recursive) discover
[0.259s] INFO:colcon.colcon_core.package_discovery:Crawling recursively for packages in '/home/andres/ros2_templates', '/home/andres/ros2_templates/--log-base', '/dev/null'
[0.259s] Level 1:colcon.colcon_core.package_identification:_identify(/home/andres/ros2_templates) by extensions ['ignore', 'ignore_ament_install']
[0.259s] Level 1:colcon.colcon_core.package_identification:_identify(/home/andres/ros2_templates) by extension 'ignore'
[0.259s] Level 1:colcon.colcon_core.package_identification:_identify(/home/andres/ros2_templates) by extension 'ignore_ament_install'
[0.260s] Level 1:colcon.colcon_core.package_identification:_identify(/home/andres/ros2_templates) by extensions ['colcon_pkg']
[0.260s] Level 1:colcon.colcon_core.package_identification:_identify(/home/andres/ros2_templates) by extension 'colcon_pkg'
[0.260s] Level 1:colcon.colcon_core.package_identification:_identify(/home/andres/ros2_templates) by extensions ['colcon_meta']
[0.260s] Level 1:colcon.colcon_core.package_identification:_identify(/home/andres/ros2_templates) by extension 'colcon_meta'
[0.260s] Level 1:colcon.colcon_core.package_identification:_identify(/home/andres/ros2_templates) by extensions ['ros']
[0.260s] Level 1:colcon.colcon_core.package_identification:_identify(/home/andres/ros2_templates) by extension 'ros'
[0.322s] Level 1:colcon.colcon_core.package_identification:_identify(/home/andres/ros2_templates) by extensions ['cmake', 'python']
[0.323s] Level 1:colcon.colcon_core.package_identification:_identify(/home/andres/ros2_templates) by extension 'cmake'
[0.323s] Level 1:colcon.colcon_core.package_identification:_identify(/home/andres/ros2_templates) by extension 'python'
[0.323s] Level 1:colcon.colcon_core.package_identification:_identify(/home/andres/ros2_templates) by extensions ['python_setup_py']
[0.323s] Level 1:colcon.colcon_core.package_identification:_identify(/home/andres/ros2_templates) by extension 'python_setup_py'
[0.323s] Level 1:colcon.colcon_core.package_identification:_identify(/home/andres/ros2_templates/build) by extensions ['ignore', 'ignore_ament_install']
[0.323s] Level 1:colcon.colcon_core.package_identification:_identify(/home/andres/ros2_templates/build) by extension 'ignore'
[0.324s] Level 1:colcon.colcon_core.package_identification:_identify(/home/andres/ros2_templates/build) ignored
[0.324s] Level 1:colcon.colcon_core.package_identification:_identify(/home/andres/ros2_templates/install) by extensions ['ignore', 'ignore_ament_install']
[0.324s] Level 1:colcon.colcon_core.package_identification:_identify(/home/andres/ros2_templates/install) by extension 'ignore'
[0.324s] Level 1:colcon.colcon_core.package_identification:_identify(/home/andres/ros2_templates/install) ignored
[0.324s] Level 1:colcon.colcon_core.package_identification:_identify(/home/andres/ros2_templates/log) by extensions ['ignore', 'ignore_ament_install']
[0.325s] Level 1:colcon.colcon_core.package_identification:_identify(/home/andres/ros2_templates/log) by extension 'ignore'
[0.325s] Level 1:colcon.colcon_core.package_identification:_identify(/home/andres/ros2_templates/log) ignored
[0.325s] Level 1:colcon.colcon_core.package_identification:_identify(/home/andres/ros2_templates/src) by extensions ['ignore', 'ignore_ament_install']
[0.325s] Level 1:colcon.colcon_core.package_identification:_identify(/home/andres/ros2_templates/src) by extension 'ignore'
[0.325s] Level 1:colcon.colcon_core.package_identification:_identify(/home/andres/ros2_templates/src) by extension 'ignore_ament_install'
[0.325s] Level 1:colcon.colcon_core.package_identification:_identify(/home/andres/ros2_templates/src) by extensions ['colcon_pkg']
[0.325s] Level 1:colcon.colcon_core.package_identification:_identify(/home/andres/ros2_templates/src) by extension 'colcon_pkg'
[0.325s] Level 1:colcon.colcon_core.package_identification:_identify(/home/andres/ros2_templates/src) by extensions ['colcon_meta']
[0.325s] Level 1:colcon.colcon_core.package_identification:_identify(/home/andres/ros2_templates/src) by extension 'colcon_meta'
[0.326s] Level 1:colcon.colcon_core.package_identification:_identify(/home/andres/ros2_templates/src) by extensions ['ros']
[0.326s] Level 1:colcon.colcon_core.package_identification:_identify(/home/andres/ros2_templates/src) by extension 'ros'
[0.326s] Level 1:colcon.colcon_core.package_identification:_identify(/home/andres/ros2_templates/src) by extensions ['cmake', 'python']
[0.326s] Level 1:colcon.colcon_core.package_identification:_identify(/home/andres/ros2_templates/src) by extension 'cmake'
[0.326s] Level 1:colcon.colcon_core.package_identification:_identify(/home/andres/ros2_templates/src) by extension 'python'
[0.326s] Level 1:colcon.colcon_core.package_identification:_identify(/home/andres/ros2_templates/src) by extensions ['python_setup_py']
[0.326s] Level 1:colcon.colcon_core.package_identification:_identify(/home/andres/ros2_templates/src) by extension 'python_setup_py'
[0.326s] Level 1:colcon.colcon_core.package_identification:_identify(/home/andres/ros2_templates/src/cpp_pkg) by extensions ['ignore', 'ignore_ament_install']
[0.327s] Level 1:colcon.colcon_core.package_identification:_identify(/home/andres/ros2_templates/src/cpp_pkg) by extension 'ignore'
[0.327s] Level 1:colcon.colcon_core.package_identification:_identify(/home/andres/ros2_templates/src/cpp_pkg) by extension 'ignore_ament_install'
[0.327s] Level 1:colcon.colcon_core.package_identification:_identify(/home/andres/ros2_templates/src/cpp_pkg) by extensions ['colcon_pkg']
[0.327s] Level 1:colcon.colcon_core.package_identification:_identify(/home/andres/ros2_templates/src/cpp_pkg) by extension 'colcon_pkg'
[0.327s] Level 1:colcon.colcon_core.package_identification:_identify(/home/andres/ros2_templates/src/cpp_pkg) by extensions ['colcon_meta']
[0.327s] Level 1:colcon.colcon_core.package_identification:_identify(/home/andres/ros2_templates/src/cpp_pkg) by extension 'colcon_meta'
[0.327s] Level 1:colcon.colcon_core.package_identification:_identify(/home/andres/ros2_templates/src/cpp_pkg) by extensions ['ros']
[0.327s] Level 1:colcon.colcon_core.package_identification:_identify(/home/andres/ros2_templates/src/cpp_pkg) by extension 'ros'
[0.333s] DEBUG:colcon.colcon_core.package_identification:Package '/home/andres/ros2_templates/src/cpp_pkg' with type 'ros.ament_cmake' and name 'cpp_pkg'
[0.333s] Level 1:colcon.colcon_core.package_identification:_identify(/home/andres/ros2_templates/src/py_pkg) by extensions ['ignore', 'ignore_ament_install']
[0.333s] Level 1:colcon.colcon_core.package_identification:_identify(/home/andres/ros2_templates/src/py_pkg) by extension 'ignore'
[0.333s] Level 1:colcon.colcon_core.package_identification:_identify(/home/andres/ros2_templates/src/py_pkg) by extension 'ignore_ament_install'
[0.333s] Level 1:colcon.colcon_core.package_identification:_identify(/home/andres/ros2_templates/src/py_pkg) by extensions ['colcon_pkg']
[0.333s] Level 1:colcon.colcon_core.package_identification:_identify(/home/andres/ros2_templates/src/py_pkg) by extension 'colcon_pkg'
[0.333s] Level 1:colcon.colcon_core.package_identification:_identify(/home/andres/ros2_templates/src/py_pkg) by extensions ['colcon_meta']
[0.333s] Level 1:colcon.colcon_core.package_identification:_identify(/home/andres/ros2_templates/src/py_pkg) by extension 'colcon_meta'
[0.333s] Level 1:colcon.colcon_core.package_identification:_identify(/home/andres/ros2_templates/src/py_pkg) by extensions ['ros']
[0.333s] Level 1:colcon.colcon_core.package_identification:_identify(/home/andres/ros2_templates/src/py_pkg) by extension 'ros'
[0.334s] DEBUG:colcon.colcon_core.package_identification:Package '/home/andres/ros2_templates/src/py_pkg' with type 'ros.ament_python' and name 'py_pkg'
[0.334s] Level 1:colcon.colcon_core.package_discovery:discover_packages(recursive) using defaults
