[0.012s] Invoking command in '/home/andres/ros2_templates/build/cpp_pkg': CMAKE_PREFIX_PATH=${CMAKE_PREFIX_PATH}:/home/andres/ros2_templates/install/py_pkg:/opt/ros/jazzy DEBUGINFOD_URLS=https://debuginfod.ubuntu.com /usr/bin/cmake --build /home/andres/ros2_templates/build/cpp_pkg -- -j12 -l12
[0.055s] -- Found ament_cmake: 2.5.4 (/opt/ros/jazzy/share/ament_cmake/cmake)
[0.287s] -- Found rclcpp: 28.1.13 (/opt/ros/jazzy/share/rclcpp/cmake)
[0.326s] -- Found rosidl_generator_c: 4.6.6 (/opt/ros/jazzy/share/rosidl_generator_c/cmake)
[0.337s] -- Found rosidl_generator_cpp: 4.6.6 (/opt/ros/jazzy/share/rosidl_generator_cpp/cmake)
[0.353s] -- Using all available rosidl_typesupport_c: rosidl_typesupport_fastrtps_c;rosidl_typesupport_introspection_c
[0.371s] -- Using all available rosidl_typesupport_cpp: rosidl_typesupport_fastrtps_cpp;rosidl_typesupport_introspection_cpp
[0.455s] -- Found rmw_implementation_cmake: 7.3.2 (/opt/ros/jazzy/share/rmw_implementation_cmake/cmake)
[0.457s] -- Found rmw_fastrtps_cpp: 8.4.3 (/opt/ros/jazzy/share/rmw_fastrtps_cpp/cmake)
[0.540s] -- Using RMW implementation 'rmw_fastrtps_cpp' as default
[0.632s] [31mCMake Error at CMakeLists.txt:11 (find_package):
[0.633s]   By not providing "Findexampla_interfaces.cmake" in CMAKE_MODULE_PATH this
[0.633s]   project has asked CMake to find a package configuration file provided by
[0.633s]   "exampla_interfaces", but CMake did not find one.
[0.633s] 
[0.633s]   Could not find a package configuration file provided by
[0.633s]   "exampla_interfaces" with any of the following names:
[0.633s] 
[0.633s]     exampla_interfacesConfig.cmake
[0.633s]     exampla_interfaces-config.cmake
[0.633s] 
[0.633s]   Add the installation prefix of "exampla_interfaces" to CMAKE_PREFIX_PATH or
[0.633s]   set "exampla_interfaces_DIR" to a directory containing one of the above
[0.633s]   files.  If "exampla_interfaces" provides a separate development package or
[0.633s]   SDK, be sure it has been installed.
[0.634s] 
[0.634s] [0m
[0.634s] -- Configuring incomplete, errors occurred!
[0.639s] gmake: *** [Makefile:267: cmake_check_build_system] Error 1
[0.641s] Invoked command in '/home/andres/ros2_templates/build/cpp_pkg' returned '2': CMAKE_PREFIX_PATH=${CMAKE_PREFIX_PATH}:/home/andres/ros2_templates/install/py_pkg:/opt/ros/jazzy DEBUGINFOD_URLS=https://debuginfod.ubuntu.com /usr/bin/cmake --build /home/andres/ros2_templates/build/cpp_pkg -- -j12 -l12
