[0.781s] Invoking command in '/home/andres/ros2_templates/src/py_pkg': DEBUGINFOD_URLS=https://debuginfod.ubuntu.com PYTHONPATH=/home/andres/ros2_templates/build/py_pkg/prefix_override:/usr/lib/python3/dist-packages/colcon_core/task/python/colcon_distutils_commands:/home/andres/ros2_templates/install/py_pkg/lib/python3.12/site-packages:${PYTHONPATH} /usr/bin/python3 -W ignore:setup.py install is deprecated -W ignore:easy_install command is deprecated setup.py egg_info --egg-base ../../build/py_pkg build --build-base /home/andres/ros2_templates/build/py_pkg/build install --record /home/andres/ros2_templates/build/py_pkg/install.log --single-version-externally-managed install_data
[1.049s] running egg_info
[1.049s] creating ../../build/py_pkg/py_pkg.egg-info
[1.068s] writing ../../build/py_pkg/py_pkg.egg-info/PKG-INFO
[1.069s] writing dependency_links to ../../build/py_pkg/py_pkg.egg-info/dependency_links.txt
[1.069s] writing entry points to ../../build/py_pkg/py_pkg.egg-info/entry_points.txt
[1.069s] writing requirements to ../../build/py_pkg/py_pkg.egg-info/requires.txt
[1.069s] writing top-level names to ../../build/py_pkg/py_pkg.egg-info/top_level.txt
[1.069s] writing manifest file '../../build/py_pkg/py_pkg.egg-info/SOURCES.txt'
[1.111s] reading manifest file '../../build/py_pkg/py_pkg.egg-info/SOURCES.txt'
[1.112s] writing manifest file '../../build/py_pkg/py_pkg.egg-info/SOURCES.txt'
[1.112s] running build
[1.112s] running build_py
[1.112s] creating /home/andres/ros2_templates/build/py_pkg/build
[1.112s] creating /home/andres/ros2_templates/build/py_pkg/build/lib
[1.112s] creating /home/andres/ros2_templates/build/py_pkg/build/lib/py_pkg
[1.113s] copying py_pkg/__init__.py -> /home/andres/ros2_templates/build/py_pkg/build/lib/py_pkg
[1.113s] copying py_pkg/py_template.py -> /home/andres/ros2_templates/build/py_pkg/build/lib/py_pkg
[1.113s] running install
[1.119s] running install_lib
[1.140s] creating /home/andres/ros2_templates/install/py_pkg/lib/python3.12/site-packages/py_pkg
[1.140s] copying /home/andres/ros2_templates/build/py_pkg/build/lib/py_pkg/__init__.py -> /home/andres/ros2_templates/install/py_pkg/lib/python3.12/site-packages/py_pkg
[1.140s] copying /home/andres/ros2_templates/build/py_pkg/build/lib/py_pkg/py_template.py -> /home/andres/ros2_templates/install/py_pkg/lib/python3.12/site-packages/py_pkg
[1.140s] byte-compiling /home/andres/ros2_templates/install/py_pkg/lib/python3.12/site-packages/py_pkg/__init__.py to __init__.cpython-312.pyc
[1.141s] byte-compiling /home/andres/ros2_templates/install/py_pkg/lib/python3.12/site-packages/py_pkg/py_template.py to py_template.cpython-312.pyc
[1.141s] running install_data
[1.141s] creating /home/andres/ros2_templates/install/py_pkg/share/ament_index
[1.141s] creating /home/andres/ros2_templates/install/py_pkg/share/ament_index/resource_index
[1.141s] creating /home/andres/ros2_templates/install/py_pkg/share/ament_index/resource_index/packages
[1.141s] copying resource/py_pkg -> /home/andres/ros2_templates/install/py_pkg/share/ament_index/resource_index/packages
[1.141s] copying package.xml -> /home/andres/ros2_templates/install/py_pkg/share/py_pkg
[1.141s] running install_egg_info
[1.165s] Copying ../../build/py_pkg/py_pkg.egg-info to /home/andres/ros2_templates/install/py_pkg/lib/python3.12/site-packages/py_pkg-0.0.0-py3.12.egg-info
[1.166s] running install_scripts
[1.297s] Installing py_node_executable script to /home/andres/ros2_templates/install/py_pkg/lib/py_pkg
[1.297s] writing list of installed files to '/home/andres/ros2_templates/build/py_pkg/install.log'
[1.320s] Invoked command in '/home/andres/ros2_templates/src/py_pkg' returned '0': DEBUGINFOD_URLS=https://debuginfod.ubuntu.com PYTHONPATH=/home/andres/ros2_templates/build/py_pkg/prefix_override:/usr/lib/python3/dist-packages/colcon_core/task/python/colcon_distutils_commands:/home/andres/ros2_templates/install/py_pkg/lib/python3.12/site-packages:${PYTHONPATH} /usr/bin/python3 -W ignore:setup.py install is deprecated -W ignore:easy_install command is deprecated setup.py egg_info --egg-base ../../build/py_pkg build --build-base /home/andres/ros2_templates/build/py_pkg/build install --record /home/andres/ros2_templates/build/py_pkg/install.log --single-version-externally-managed install_data
