[ 50%] [32mBuilding CXX object CMakeFiles/cpp_executable.dir/src/cpp_template.cpp.o[0m
[100%] [32m[1mLinking CXX executable cpp_executable[0m
[100%] Built target cpp_executable
-- Install configuration: ""
-- Installing: /home/andres/ros2_templates/install/cpp_pkg/lib/cpp_pkg/cpp_executable
-- Set non-toolchain portion of runtime path of "/home/andres/ros2_templates/install/cpp_pkg/lib/cpp_pkg/cpp_executable" to ""
-- Up-to-date: /home/andres/ros2_templates/install/cpp_pkg/share/ament_index/resource_index/package_run_dependencies/cpp_pkg
-- Up-to-date: /home/andres/ros2_templates/install/cpp_pkg/share/ament_index/resource_index/parent_prefix_path/cpp_pkg
-- Up-to-date: /home/andres/ros2_templates/install/cpp_pkg/share/cpp_pkg/environment/ament_prefix_path.sh
-- Up-to-date: /home/andres/ros2_templates/install/cpp_pkg/share/cpp_pkg/environment/ament_prefix_path.dsv
-- Up-to-date: /home/andres/ros2_templates/install/cpp_pkg/share/cpp_pkg/environment/path.sh
-- Up-to-date: /home/andres/ros2_templates/install/cpp_pkg/share/cpp_pkg/environment/path.dsv
-- Up-to-date: /home/andres/ros2_templates/install/cpp_pkg/share/cpp_pkg/local_setup.bash
-- Up-to-date: /home/andres/ros2_templates/install/cpp_pkg/share/cpp_pkg/local_setup.sh
-- Up-to-date: /home/andres/ros2_templates/install/cpp_pkg/share/cpp_pkg/local_setup.zsh
-- Up-to-date: /home/andres/ros2_templates/install/cpp_pkg/share/cpp_pkg/local_setup.dsv
-- Installing: /home/andres/ros2_templates/install/cpp_pkg/share/cpp_pkg/package.dsv
-- Up-to-date: /home/andres/ros2_templates/install/cpp_pkg/share/ament_index/resource_index/packages/cpp_pkg
-- Up-to-date: /home/andres/ros2_templates/install/cpp_pkg/share/cpp_pkg/cmake/cpp_pkgConfig.cmake
-- Up-to-date: /home/andres/ros2_templates/install/cpp_pkg/share/cpp_pkg/cmake/cpp_pkgConfig-version.cmake
-- Up-to-date: /home/andres/ros2_templates/install/cpp_pkg/share/cpp_pkg/package.xml
