[0.015s] Invoking command in '/home/andres/ros2_templates/build/cpp_pkg': CMAKE_PREFIX_PATH=${CMAKE_PREFIX_PATH}:/home/andres/ros2_templates/install/py_pkg:/home/andres/ros2_ws/install/my_py_pkg:/opt/ros/jazzy DEBUGINFOD_URLS=https://debuginfod.ubuntu.com /usr/bin/cmake --build /home/andres/ros2_templates/build/cpp_pkg -- -j12 -l12
[0.068s] [ 50%] [32mBuilding CXX object CMakeFiles/cpp_executable.dir/src/cpp_template.cpp.o[0m
[2.674s] [100%] [32m[1mLinking CXX executable cpp_executable[0m
[2.778s] [100%] Built target cpp_executable
[2.789s] Invoked command in '/home/andres/ros2_templates/build/cpp_pkg' returned '0': CMAKE_PREFIX_PATH=${CMAKE_PREFIX_PATH}:/home/andres/ros2_templates/install/py_pkg:/home/andres/ros2_ws/install/my_py_pkg:/opt/ros/jazzy DEBUGINFOD_URLS=https://debuginfod.ubuntu.com /usr/bin/cmake --build /home/andres/ros2_templates/build/cpp_pkg -- -j12 -l12
[2.798s] Invoking command in '/home/andres/ros2_templates/build/cpp_pkg': CMAKE_PREFIX_PATH=${CMAKE_PREFIX_PATH}:/home/andres/ros2_templates/install/py_pkg:/home/andres/ros2_ws/install/my_py_pkg:/opt/ros/jazzy DEBUGINFOD_URLS=https://debuginfod.ubuntu.com /usr/bin/cmake --install /home/andres/ros2_templates/build/cpp_pkg
[2.805s] -- Install configuration: ""
[2.805s] -- Installing: /home/andres/ros2_templates/install/cpp_pkg/lib/cpp_pkg/cpp_executable
[2.806s] -- Set non-toolchain portion of runtime path of "/home/andres/ros2_templates/install/cpp_pkg/lib/cpp_pkg/cpp_executable" to ""
[2.806s] -- Up-to-date: /home/andres/ros2_templates/install/cpp_pkg/share/ament_index/resource_index/package_run_dependencies/cpp_pkg
[2.806s] -- Up-to-date: /home/andres/ros2_templates/install/cpp_pkg/share/ament_index/resource_index/parent_prefix_path/cpp_pkg
[2.806s] -- Up-to-date: /home/andres/ros2_templates/install/cpp_pkg/share/cpp_pkg/environment/ament_prefix_path.sh
[2.806s] -- Up-to-date: /home/andres/ros2_templates/install/cpp_pkg/share/cpp_pkg/environment/ament_prefix_path.dsv
[2.806s] -- Up-to-date: /home/andres/ros2_templates/install/cpp_pkg/share/cpp_pkg/environment/path.sh
[2.807s] -- Up-to-date: /home/andres/ros2_templates/install/cpp_pkg/share/cpp_pkg/environment/path.dsv
[2.807s] -- Up-to-date: /home/andres/ros2_templates/install/cpp_pkg/share/cpp_pkg/local_setup.bash
[2.807s] -- Up-to-date: /home/andres/ros2_templates/install/cpp_pkg/share/cpp_pkg/local_setup.sh
[2.807s] -- Up-to-date: /home/andres/ros2_templates/install/cpp_pkg/share/cpp_pkg/local_setup.zsh
[2.807s] -- Up-to-date: /home/andres/ros2_templates/install/cpp_pkg/share/cpp_pkg/local_setup.dsv
[2.807s] -- Installing: /home/andres/ros2_templates/install/cpp_pkg/share/cpp_pkg/package.dsv
[2.807s] -- Up-to-date: /home/andres/ros2_templates/install/cpp_pkg/share/ament_index/resource_index/packages/cpp_pkg
[2.807s] -- Up-to-date: /home/andres/ros2_templates/install/cpp_pkg/share/cpp_pkg/cmake/cpp_pkgConfig.cmake
[2.807s] -- Up-to-date: /home/andres/ros2_templates/install/cpp_pkg/share/cpp_pkg/cmake/cpp_pkgConfig-version.cmake
[2.807s] -- Up-to-date: /home/andres/ros2_templates/install/cpp_pkg/share/cpp_pkg/package.xml
[2.808s] Invoked command in '/home/andres/ros2_templates/build/cpp_pkg' returned '0': CMAKE_PREFIX_PATH=${CMAKE_PREFIX_PATH}:/home/andres/ros2_templates/install/py_pkg:/home/andres/ros2_ws/install/my_py_pkg:/opt/ros/jazzy DEBUGINFOD_URLS=https://debuginfod.ubuntu.com /usr/bin/cmake --install /home/andres/ros2_templates/build/cpp_pkg
