/home/andres/ros2_templates/install/py_pkg/lib/python3.12/site-packages/py_pkg/__init__.py
/home/andres/ros2_templates/install/py_pkg/lib/python3.12/site-packages/py_pkg/py_publisher.py
/home/andres/ros2_templates/install/py_pkg/lib/python3.12/site-packages/py_pkg/py_template.py
/home/andres/ros2_templates/install/py_pkg/lib/python3.12/site-packages/py_pkg/py_subscriber.py
/home/andres/ros2_templates/install/py_pkg/lib/python3.12/site-packages/py_pkg/__pycache__/__init__.cpython-312.pyc
/home/andres/ros2_templates/install/py_pkg/lib/python3.12/site-packages/py_pkg/__pycache__/py_publisher.cpython-312.pyc
/home/andres/ros2_templates/install/py_pkg/lib/python3.12/site-packages/py_pkg/__pycache__/py_template.cpython-312.pyc
/home/andres/ros2_templates/install/py_pkg/lib/python3.12/site-packages/py_pkg/__pycache__/py_subscriber.cpython-312.pyc
/home/andres/ros2_templates/install/py_pkg/share/ament_index/resource_index/packages/py_pkg
/home/andres/ros2_templates/install/py_pkg/share/py_pkg/package.xml
/home/andres/ros2_templates/install/py_pkg/lib/python3.12/site-packages/py_pkg-0.0.0-py3.12.egg-info/top_level.txt
/home/andres/ros2_templates/install/py_pkg/lib/python3.12/site-packages/py_pkg-0.0.0-py3.12.egg-info/requires.txt
/home/andres/ros2_templates/install/py_pkg/lib/python3.12/site-packages/py_pkg-0.0.0-py3.12.egg-info/dependency_links.txt
/home/andres/ros2_templates/install/py_pkg/lib/python3.12/site-packages/py_pkg-0.0.0-py3.12.egg-info/zip-safe
/home/andres/ros2_templates/install/py_pkg/lib/python3.12/site-packages/py_pkg-0.0.0-py3.12.egg-info/entry_points.txt
/home/andres/ros2_templates/install/py_pkg/lib/python3.12/site-packages/py_pkg-0.0.0-py3.12.egg-info/PKG-INFO
/home/andres/ros2_templates/install/py_pkg/lib/python3.12/site-packages/py_pkg-0.0.0-py3.12.egg-info/SOURCES.txt
/home/andres/ros2_templates/install/py_pkg/lib/py_pkg/py_node_executable
/home/andres/ros2_templates/install/py_pkg/lib/py_pkg/py_publisher
/home/andres/ros2_templates/install/py_pkg/lib/py_pkg/py_subscriber
