[0.010s] Invoking command in '/home/andres/ros2_templates/build/cpp_pkg': CMAKE_PREFIX_PATH=${CMAKE_PREFIX_PATH}:/home/andres/ros2_templates/install/py_pkg:/opt/ros/jazzy DEBUGINFOD_URLS=https://debuginfod.ubuntu.com /usr/bin/cmake --build /home/andres/ros2_templates/build/cpp_pkg -- -j12 -l12
[0.032s] -- Found ament_cmake: 2.5.4 (/opt/ros/jazzy/share/ament_cmake/cmake)
[0.227s] -- Found rclcpp: 28.1.13 (/opt/ros/jazzy/share/rclcpp/cmake)
[0.253s] -- Found rosidl_generator_c: 4.6.6 (/opt/ros/jazzy/share/rosidl_generator_c/cmake)
[0.262s] -- Found rosidl_generator_cpp: 4.6.6 (/opt/ros/jazzy/share/rosidl_generator_cpp/cmake)
[0.273s] -- Using all available rosidl_typesupport_c: rosidl_typesupport_fastrtps_c;rosidl_typesupport_introspection_c
[0.286s] -- Using all available rosidl_typesupport_cpp: rosidl_typesupport_fastrtps_cpp;rosidl_typesupport_introspection_cpp
[0.350s] -- Found rmw_implementation_cmake: 7.3.2 (/opt/ros/jazzy/share/rmw_implementation_cmake/cmake)
[0.351s] -- Found rmw_fastrtps_cpp: 8.4.3 (/opt/ros/jazzy/share/rmw_fastrtps_cpp/cmake)
[0.426s] -- Using RMW implementation 'rmw_fastrtps_cpp' as default
[0.498s] -- Found example_interfaces: 0.12.0 (/opt/ros/jazzy/share/example_interfaces/cmake)
[0.642s] -- Configuring done (0.6s)
[0.658s] -- Generating done (0.0s)
[0.662s] -- Build files have been written to: /home/andres/ros2_templates/build/cpp_pkg
[0.693s] [ 25%] [32mBuilding CXX object CMakeFiles/cpp_publisher.dir/src/cpp_publisher.cpp.o[0m
[0.704s] [ 50%] [32mBuilding CXX object CMakeFiles/cpp_executable.dir/src/cpp_template.cpp.o[0m
[3.587s] [ 75%] [32m[1mLinking CXX executable cpp_executable[0m
[3.744s] [ 75%] Built target cpp_executable
[4.773s] [100%] [32m[1mLinking CXX executable cpp_publisher[0m
[4.961s] [100%] Built target cpp_publisher
[4.972s] Invoked command in '/home/andres/ros2_templates/build/cpp_pkg' returned '0': CMAKE_PREFIX_PATH=${CMAKE_PREFIX_PATH}:/home/andres/ros2_templates/install/py_pkg:/opt/ros/jazzy DEBUGINFOD_URLS=https://debuginfod.ubuntu.com /usr/bin/cmake --build /home/andres/ros2_templates/build/cpp_pkg -- -j12 -l12
[4.981s] Invoking command in '/home/andres/ros2_templates/build/cpp_pkg': CMAKE_PREFIX_PATH=${CMAKE_PREFIX_PATH}:/home/andres/ros2_templates/install/py_pkg:/opt/ros/jazzy DEBUGINFOD_URLS=https://debuginfod.ubuntu.com /usr/bin/cmake --install /home/andres/ros2_templates/build/cpp_pkg
[4.987s] -- Install configuration: ""
[4.988s] -- Installing: /home/andres/ros2_templates/install/cpp_pkg/lib/cpp_pkg/cpp_executable
[4.989s] -- Set non-toolchain portion of runtime path of "/home/andres/ros2_templates/install/cpp_pkg/lib/cpp_pkg/cpp_executable" to ""
[4.989s] -- Installing: /home/andres/ros2_templates/install/cpp_pkg/lib/cpp_pkg/cpp_publisher
[4.991s] -- Set non-toolchain portion of runtime path of "/home/andres/ros2_templates/install/cpp_pkg/lib/cpp_pkg/cpp_publisher" to ""
[4.991s] -- Installing: /home/andres/ros2_templates/install/cpp_pkg/share/ament_index/resource_index/package_run_dependencies/cpp_pkg
[4.991s] -- Installing: /home/andres/ros2_templates/install/cpp_pkg/share/ament_index/resource_index/parent_prefix_path/cpp_pkg
[4.992s] -- Up-to-date: /home/andres/ros2_templates/install/cpp_pkg/share/cpp_pkg/environment/ament_prefix_path.sh
[4.992s] -- Up-to-date: /home/andres/ros2_templates/install/cpp_pkg/share/cpp_pkg/environment/ament_prefix_path.dsv
[4.992s] -- Up-to-date: /home/andres/ros2_templates/install/cpp_pkg/share/cpp_pkg/environment/path.sh
[4.992s] -- Up-to-date: /home/andres/ros2_templates/install/cpp_pkg/share/cpp_pkg/environment/path.dsv
[4.992s] -- Up-to-date: /home/andres/ros2_templates/install/cpp_pkg/share/cpp_pkg/local_setup.bash
[4.992s] -- Up-to-date: /home/andres/ros2_templates/install/cpp_pkg/share/cpp_pkg/local_setup.sh
[4.993s] -- Up-to-date: /home/andres/ros2_templates/install/cpp_pkg/share/cpp_pkg/local_setup.zsh
[4.993s] -- Up-to-date: /home/andres/ros2_templates/install/cpp_pkg/share/cpp_pkg/local_setup.dsv
[4.993s] -- Installing: /home/andres/ros2_templates/install/cpp_pkg/share/cpp_pkg/package.dsv
[4.993s] -- Up-to-date: /home/andres/ros2_templates/install/cpp_pkg/share/ament_index/resource_index/packages/cpp_pkg
[4.993s] -- Up-to-date: /home/andres/ros2_templates/install/cpp_pkg/share/cpp_pkg/cmake/cpp_pkgConfig.cmake
[4.993s] -- Up-to-date: /home/andres/ros2_templates/install/cpp_pkg/share/cpp_pkg/cmake/cpp_pkgConfig-version.cmake
[4.993s] -- Installing: /home/andres/ros2_templates/install/cpp_pkg/share/cpp_pkg/package.xml
[4.994s] Invoked command in '/home/andres/ros2_templates/build/cpp_pkg' returned '0': CMAKE_PREFIX_PATH=${CMAKE_PREFIX_PATH}:/home/andres/ros2_templates/install/py_pkg:/opt/ros/jazzy DEBUGINFOD_URLS=https://debuginfod.ubuntu.com /usr/bin/cmake --install /home/andres/ros2_templates/build/cpp_pkg
